opencvexample/openCVLibrary341/build/intermediates/manifest_merge_blame_file/debug/manifest-merger-blame-debug-report.txt
1<?xml version="1.0" encoding="utf-8"?>
2<manifest xmlns:android="http://schemas.android.com/apk/res/android"
3    package="org.opencv"
4    android:versionCode="3410"
5    android:versionName="3.4.1" > <!-- <uses-sdk android:minSdkVersion="8" android:targetSdkVersion="29" /> -->
6    <uses-sdk
7        android:minSdkVersion="8"
7-->src\main\AndroidManifest.xml
8        android:targetSdkVersion="29" />
8-->src\main\AndroidManifest.xml
9
10    <uses-permission android:name="android.permission.CAMERA" />
10-->src\main\AndroidManifest.xml:7:4-63
10-->src\main\AndroidManifest.xml:7:21-61
11
12    <uses-feature
12-->src\main\AndroidManifest.xml:9:4-83
13        android:name="android.hardware.camera"
13-->src\main\AndroidManifest.xml:9:18-56
14        android:required="false" />
14-->src\main\AndroidManifest.xml:9:57-81
15    <uses-feature
15-->src\main\AndroidManifest.xml:10:4-93
16        android:name="android.hardware.camera.autofocus"
16-->src\main\AndroidManifest.xml:10:18-66
17        android:required="false" />
17-->src\main\AndroidManifest.xml:10:67-91
18    <uses-feature
18-->src\main\AndroidManifest.xml:11:4-89
19        android:name="android.hardware.camera.front"
19-->src\main\AndroidManifest.xml:11:18-62
20        android:required="false" />
20-->src\main\AndroidManifest.xml:11:63-87
21    <uses-feature
21-->src\main\AndroidManifest.xml:12:4-99
22        android:name="android.hardware.camera.front.autofocus"
22-->src\main\AndroidManifest.xml:12:18-72
23        android:required="false" />
23-->src\main\AndroidManifest.xml:12:73-97
24
25</manifest>